<?xml version="1.0" encoding="UTF-8"?>
<!-- Generated by org.testng.reporters.JUnitReportReporter -->
<testsuite hostname="SubhanPC" failures="0" tests="1" name="My_Package.Insta_data_driven" time="1.731" errors="0" timestamp="2024-07-08T09:08:25 IST" skipped="0">
  <testcase classname="My_Package.Insta_data_driven" name="tc1" time="1.731"/>
  <system-out/>
</testsuite> <!-- My_Package.Insta_data_driven -->
