<?xml version="1.0" encoding="UTF-8"?>
<!-- Generated by org.testng.reporters.JUnitReportReporter -->
<testsuite hostname="SubhanPC" failures="0" tests="1" name="My_Package.drag_n_drop" time="0.743" errors="0" timestamp="2024-07-07T22:12:11 IST" skipped="0">
  <testcase classname="My_Package.drag_n_drop" name="tc1" time="0.743"/>
  <system-out/>
</testsuite> <!-- My_Package.drag_n_drop -->
