<?xml version="1.0" encoding="UTF-8"?>
<!-- Generated by org.testng.reporters.JUnitReportReporter -->
<testsuite hostname="SubhanPC" failures="0" tests="1" name="My_Package.Uploading_File" time="0.319" errors="0" timestamp="2024-07-08T08:54:47 IST" skipped="0">
  <testcase classname="My_Package.Uploading_File" name="tc1" time="0.319"/>
  <system-out/>
</testsuite> <!-- My_Package.Uploading_File -->
